combine
combine
POST /api 200 11 - 2.872 ms
POST /api/add-todo - - - - ms
POST /api/add-todo - - - - ms
POST /api/add-todo - - - - ms
POST /api/add-todo 200 111 - 50.141 ms
POST /api/add-todo 200 111 - 36.714 ms
GET /api/ 200 225 - 26.180 ms
DELETE /api/delete-todo/6187ca558f7640665be49327 200 111 - 23.415 ms
GET /api/ 200 113 - 9.539 ms
DELETE /api/delete-todo/6187ca5f9bda3b1a889c725a 200 111 - 6.550 ms
DELETE /api/delete-todo/6187ca5f9bda3b1a889c725a 200 0 - 1.674 ms
GET /api/ 200 2 - 3.489 ms
GET /api/ 200 2 - 12.875 ms
POST /api/add-todo 200 111 - 51.235 ms
GET /api/ 200 113 - 8.278 ms
DELETE /api/delete-todo/6187cf5168b6c4c8a2532cfc 200 111 - 9.157 ms
GET /api/ 200 2 - 3.992 ms
OPTIONS /api/add-todo 200 4 - 2.887 ms
POST /api/add-todo 200 106 - 20.874 ms
GET /api/ 200 108 - 8.622 ms
POST /api/add-todo 200 110 - 138.142 ms
GET /api 200 219 - 14.776 ms
GET /api 304 - - 8.501 ms
GET /api 304 - - 17.970 ms
GET /api 304 - - 8.055 ms
POST /api/add-todo 200 106 - 9.807 ms
GET /api 200 326 - 6.064 ms
POST /api/add-todo 200 113 - 17.951 ms
GET /api 200 440 - 10.340 ms
GET /api 304 - - 13.965 ms
GET /api 304 - - 5.379 ms
GET /api 200 440 - 11.530 ms
POST /api/add-todo 200 110 - 8.255 ms
GET /api 200 551 - 9.096 ms
GET /api 304 - - 2.718 ms
GET /api 304 - - 2.629 ms
GET /api 304 - - 4.164 ms
GET /api 304 - - 4.604 ms
GET /api 304 - - 7.573 ms
GET /api 304 - - 5.273 ms
GET /api 304 - - 3.653 ms
GET /api 304 - - 2.710 ms
GET /api 304 - - 7.104 ms
GET /api 304 - - 3.886 ms
GET /api 304 - - 5.970 ms
GET /api 304 - - 4.208 ms
GET /api 304 - - 2.479 ms
GET /api 304 - - 3.295 ms
DELETE /delete-todo/61880f7dd457fcca5e17519e 404 178 - 1.785 ms
GET /api 304 - - 5.174 ms
DELETE /delete-todo/61880fb3d457fcca5e1751a4 404 178 - 0.856 ms
GET /api 304 - - 3.198 ms
DELETE /api/delete-todo/61880fb3d457fcca5e1751a4 200 110 - 6.261 ms
GET /api 200 440 - 3.673 ms
DELETE /api/delete-todo/61880f7dd457fcca5e17519e 200 113 - 2.586 ms
GET /api 200 326 - 4.825 ms
DELETE /api/delete-todo/61880f68d457fcca5e17519b 200 106 - 1.947 ms
GET /api 200 219 - 1.838 ms
DELETE /api/delete-todo/61880ea8d457fcca5e175195 200 110 - 4.673 ms
GET /api 200 108 - 3.299 ms
DELETE /api/delete-todo/6187d4c5b6fa2f55cd76be58 200 106 - 3.771 ms
GET /api 200 2 - 1.613 ms
GET /api 304 - - 3.027 ms
GET /api 304 - - 2.107 ms
GET /api 304 - - 3.233 ms
GET /api 304 - - 1.867 ms
GET /api 304 - - 4.062 ms
GET /api 304 - - 2.284 ms
GET /api 304 - - 4.257 ms
GET /api 304 - - 2.293 ms
GET /api 304 - - 2.889 ms
GET /api 304 - - 3.148 ms
GET /api 304 - - 2.998 ms
GET /api 304 - - 2.051 ms
GET /api 304 - - 3.975 ms
GET /api 304 - - 2.092 ms
GET /api 304 - - 3.652 ms
GET /api 304 - - 5.182 ms
GET /api 304 - - 3.060 ms
GET /api 304 - - 7.468 ms
GET /api 304 - - 8.288 ms
GET /api 304 - - 5.550 ms
GET /api 304 - - 2.743 ms
GET /api 304 - - 3.144 ms
GET /api 304 - - 5.419 ms
GET /api 304 - - 2.179 ms
GET /api 304 - - 2.938 ms
GET /api 304 - - 2.251 ms
GET /api 304 - - 1.646 ms
GET /api 304 - - 3.028 ms
GET /api 304 - - 6.018 ms
GET /api 200 2 - 6.845 ms
GET /api 304 - - 1.752 ms
GET /api 304 - - 2.467 ms
GET /api 304 - - 2.578 ms
GET /api 304 - - 3.375 ms
GET /api 304 - - 2.324 ms
GET /api 200 2 - 6.087 ms
POST /api/add-todo 200 106 - 2.985 ms
GET /api 200 108 - 1.738 ms
POST /api/add-todo 200 106 - 2.813 ms
GET /api 200 215 - 1.844 ms
DELETE /api/delete-todo/618814c9d457fcca5e1751e8 200 106 - 1.686 ms
GET /api 200 108 - 1.601 ms
DELETE /api/delete-todo/618814c7d457fcca5e1751e5 200 106 - 1.758 ms
GET /api 200 2 - 1.573 ms
GET /api 304 - - 2.071 ms
GET /api 304 - - 3.506 ms
POST /api/add-todo 200 105 - 2.768 ms
GET /api 200 107 - 1.612 ms
GET /api 304 - - 3.888 ms
POST /api/add-todo 200 105 - 5.746 ms
GET /api 200 213 - 3.600 ms
GET /api 304 - - 3.701 ms
DELETE /api/delete-todo/61881514d457fcca5e1751f1 200 105 - 3.326 ms
GET /api 200 107 - 1.849 ms
DELETE /api/delete-todo/61881522d457fcca5e1751f5 200 105 - 2.459 ms
GET /api 200 2 - 1.377 ms
POST /api/add-todo 200 110 - 2.674 ms
GET /api 200 112 - 1.575 ms
POST /api/add-todo 200 110 - 3.213 ms
GET /api 200 223 - 1.684 ms
POST /api/add-todo 200 110 - 2.752 ms
GET /api 200 334 - 1.843 ms
POST /api/add-todo 200 110 - 2.953 ms
GET /api 200 445 - 2.378 ms
DELETE /api/delete-todo/61881554d457fcca5e175203 200 110 - 1.732 ms
GET /api 200 334 - 1.823 ms
DELETE /api/delete-todo/61881557d457fcca5e175206 200 110 - 1.737 ms
GET /api 200 223 - 2.882 ms
DELETE /api/delete-todo/6188154dd457fcca5e1751fd 200 110 - 1.650 ms
GET /api 200 112 - 1.584 ms
DELETE /api/delete-todo/61881550d457fcca5e175200 200 110 - 1.991 ms
GET /api 200 2 - 1.311 ms
POST /api/add-todo 200 110 - 3.964 ms
GET /api 200 112 - 3.421 ms
DELETE /api/delete-todo/61881569d457fcca5e175211 200 110 - 1.668 ms
GET /api 200 2 - 1.227 ms
GET /api 304 - - 2.958 ms
GET /api 304 - - 1.556 ms
GET /api 304 - - 2.237 ms
